[0601/172547.392:INFO:CONSOLE(0)] "Error with Permissions-Policy header: Feature xr-spatial-tracking's parameters are ignored.", source:  (0)
[0601/172547.392:INFO:CONSOLE(0)] "Error with Permissions-Policy header: Origin trial controlled feature not enabled: 'attribution-reporting'.", source:  (0)
[0601/172547.393:INFO:CONSOLE(0)] "Error with Permissions-Policy header: Unrecognized feature: 'compute-pressure'.", source:  (0)
[0601/172547.393:INFO:CONSOLE(0)] "Error with Permissions-Policy header: Origin trial controlled feature not enabled: 'interest-cohort'.", source:  (0)
[0601/172547.393:INFO:CONSOLE(0)] "Error with Permissions-Policy header: Unrecognized feature: 'private-state-token-issuance'.", source:  (0)
[0601/172547.393:INFO:CONSOLE(0)] "Error with Permissions-Policy header: Origin trial controlled feature not enabled: 'shared-storage'.", source:  (0)
[0601/172547.393:INFO:CONSOLE(0)] "Error with Permissions-Policy header: Unrecognized feature: 'shared-storage-select-url'.", source:  (0)
[0601/172547.393:INFO:CONSOLE(0)] "Error with Permissions-Policy header: Unrecognized feature: 'private-state-token-redemption'.", source:  (0)
[0601/172547.393:INFO:CONSOLE(0)] "Error with Permissions-Policy header: Unrecognized feature: 'unload'.", source:  (0)
[0601/172547.393:INFO:CONSOLE(0)] "Error with Permissions-Policy header: Unrecognized feature: 'window-management'.", source:  (0)
[0601/172547.394:INFO:CONSOLE(0)] "Document-Policy HTTP header: Unrecognized document policy feature name include-js-call-stacks-in-crash-reports.", source: https://web.whatsapp.com/ (0)
[0601/172547.396:WARNING:backend_impl.cc(1816)] Destroying invalid entry.
[0601/172547.397:WARNING:backend_impl.cc(1816)] Destroying invalid entry.
[0601/172547.397:WARNING:backend_impl.cc(1816)] Destroying invalid entry.
[0601/172547.397:WARNING:backend_impl.cc(1816)] Destroying invalid entry.
[0601/172547.398:WARNING:backend_impl.cc(1816)] Destroying invalid entry.
[0601/172547.398:WARNING:backend_impl.cc(1816)] Destroying invalid entry.
[0601/172547.398:WARNING:backend_impl.cc(1816)] Destroying invalid entry.
[0601/172547.399:WARNING:backend_impl.cc(1816)] Destroying invalid entry.
[0601/172547.400:WARNING:backend_impl.cc(1816)] Destroying invalid entry.
[0601/172547.400:WARNING:backend_impl.cc(1816)] Destroying invalid entry.
[0601/172547.400:WARNING:backend_impl.cc(1816)] Destroying invalid entry.
[0601/172547.401:WARNING:backend_impl.cc(1816)] Destroying invalid entry.
[0601/172547.554:WARNING:backend_impl.cc(1816)] Destroying invalid entry.
[0601/172551.325:INFO:CONSOLE(162)] "Event handler of 'x-storagemutated-1' event must be added on the initial evaluation of worker script.", source: https://static.whatsapp.net/rsrc.php/v4/y9/r/OBL5Z0KL-ay.js (162)
[0601/172833.392:INFO:CONSOLE(4)] "Uncaught (in promise) Error: window is not defined", source: https://web.whatsapp.com/ (4)
[0601/172834.912:INFO:CONSOLE(162)] "Event handler of 'x-storagemutated-1' event must be added on the initial evaluation of worker script.", source: https://static.whatsapp.net/rsrc.php/v4/y9/r/OBL5Z0KL-ay.js (162)
[0601/172923.770:INFO:CONSOLE(162)] "Event handler of 'x-storagemutated-1' event must be added on the initial evaluation of worker script.", source: https://static.whatsapp.net/rsrc.php/v4/y9/r/OBL5Z0KL-ay.js (162)
[0601/172951.369:INFO:CONSOLE(150)] "Uncaught (in promise) Error: Unexpected null or undefined: me", source: https://static.whatsapp.net/rsrc.php/v4/yo/r/zzEWpUQhMgV.js (150)
[0601/172951.373:INFO:CONSOLE(6)] "Uncaught (in promise) Error: secretKey is null or undefined", source:  (6)
[0601/172951.916:INFO:CONSOLE(0)] "Error with Permissions-Policy header: Feature xr-spatial-tracking's parameters are ignored.", source:  (0)
[0601/172951.916:INFO:CONSOLE(0)] "Error with Permissions-Policy header: Origin trial controlled feature not enabled: 'attribution-reporting'.", source:  (0)
[0601/172951.916:INFO:CONSOLE(0)] "Error with Permissions-Policy header: Unrecognized feature: 'compute-pressure'.", source:  (0)
[0601/172951.916:INFO:CONSOLE(0)] "Error with Permissions-Policy header: Origin trial controlled feature not enabled: 'interest-cohort'.", source:  (0)
[0601/172951.916:INFO:CONSOLE(0)] "Error with Permissions-Policy header: Unrecognized feature: 'private-state-token-issuance'.", source:  (0)
[0601/172951.916:INFO:CONSOLE(0)] "Error with Permissions-Policy header: Origin trial controlled feature not enabled: 'shared-storage'.", source:  (0)
[0601/172951.916:INFO:CONSOLE(0)] "Error with Permissions-Policy header: Unrecognized feature: 'shared-storage-select-url'.", source:  (0)
[0601/172951.916:INFO:CONSOLE(0)] "Error with Permissions-Policy header: Unrecognized feature: 'private-state-token-redemption'.", source:  (0)
[0601/172951.916:INFO:CONSOLE(0)] "Error with Permissions-Policy header: Unrecognized feature: 'unload'.", source:  (0)
[0601/172951.916:INFO:CONSOLE(0)] "Error with Permissions-Policy header: Unrecognized feature: 'window-management'.", source:  (0)
[0601/172951.917:INFO:CONSOLE(0)] "Document-Policy HTTP header: Unrecognized document policy feature name include-js-call-stacks-in-crash-reports.", source: https://web.whatsapp.com/ (0)
